


ARM Macro Assembler    Page 1 


    1 00000000                 PRESERVE8
    2 00000000                 THUMB
    3 00000000         
    4 00000000                 export           DFT_ModuleAuCarre
    5 00000000         ; ====================== zone de réservation de données,
                         ======================================
    6 00000000         ;Section RAM (read only) :
    7 00000000                 area             mesdata,data,readonly
    8 00000000         
    9 00000000         
   10 00000000         ;Section RAM (read write):
   11 00000000                 area             maram,data,readwrite
   12 00000000         
   13 00000000         
   14 00000000         
   15 00000000         ; ======================================================
                       =========================================
   16 00000000         
   17 00000000         
   18 00000000         
   19 00000000         
   20 00000000         ;Section ROM code (read only) :  
   21 00000000                 area             moncode,code,readonly
   22 00000000         ; écrire le code ici  
   23 00000000         
   24 00000000         DFT_ModuleAuCarre
                               proc
   25 00000000 F04F 0200       mov              r2,#0
   26 00000004 F04F 0C00       mov              r12,#0
   27 00000008 EA4F 0141       lsl              r1,#1
   28 0000000C E92D 07F0       push             {r4,r5,r6,r7,r8,r9,r10}
   29 00000010 F04F 0600       mov              r6,#0
   30 00000014 F04F 0800       mov              r8,#0
   31 00000018 4B10            ldr              r3,=TabCos
   32 0000001A 4F11            ldr              r7,=TabSin
   33 0000001C         retour
   34 0000001C F933 400C       ldrsh            r4,[r3,r12]
   35 00000020 F9B0 5000       ldrsh            r5,[r0]
   36 00000024 FB04 F405       mul              r4,r5
   37 00000028 4426            add              r6,r4
   38 0000002A F937 400C       ldrsh            r4,[r7,r12]
   39 0000002E FB04 F405       mul              r4,r5
   40 00000032 44A0            add              r8,r4
   41 00000034 F100 0002       add              r0,#2
   42 00000038 F102 0201       add              r2,#1
   43 0000003C 448C            add              r12,r1
   44 0000003E F00C 0C7F       and              r12,r12,#0x007F
   45 00000042         ;add r3,r12
   46 00000042         ;add r7,r12
   47 00000042 2A40            cmp              r2,#64
   48 00000044 D1EA            bne              retour
   49 00000046 FB86 A606       smull            r10,r6,r6,r6
   50 0000004A FB88 9808       smull            r9,r8,r8,r8
   51 0000004E 44CA            add              r10,r9
   52 00000050 EB46 0608       adc              r6,r8
   53 00000054 4630            mov              r0,r6
   54 00000056 E8BD 07F0       pop              {r10,r9,r8,r7,r6,r5,r4}
   55 0000005A 4770            bx               lr
   56 0000005C                 endp



ARM Macro Assembler    Page 2 


   57 0000005C         
   58 0000005C         
   59 0000005C         
   60 0000005C         
   61 0000005C         ;Section ROM code (read only) :  
   62 0000005C 00000000 
              00000000         AREA             Trigo, DATA, READONLY
   63 00000000         ; codage fractionnaire 1.15
   64 00000000         
   65 00000000         TabCos
   66 00000000 FF 7F           DCW              32767       ;  0 0x7fff  0.9999
                                                            7
   67 00000002 62 7F           DCW              32610       ;  1 0x7f62  0.9951
                                                            8
   68 00000004 8A 7D           DCW              32138       ;  2 0x7d8a  0.9807
                                                            7
   69 00000006 7D 7A           DCW              31357       ;  3 0x7a7d  0.9569
                                                            4
   70 00000008 42 76           DCW              30274       ;  4 0x7642  0.9238
                                                            9
   71 0000000A E3 70           DCW              28899       ;  5 0x70e3  0.8819
                                                            3
   72 0000000C 6E 6A           DCW              27246       ;  6 0x6a6e  0.8314
                                                            8
   73 0000000E F2 62           DCW              25330       ;  7 0x62f2  0.7730
                                                            1
   74 00000010 82 5A           DCW              23170       ;  8 0x5a82  0.7070
                                                            9
   75 00000012 34 51           DCW              20788       ;  9 0x5134  0.6344
                                                            0
   76 00000014 1D 47           DCW              18205       ; 10 0x471d  0.5555
                                                            7
   77 00000016 57 3C           DCW              15447       ; 11 0x3c57  0.4714
                                                            1
   78 00000018 FC 30           DCW              12540       ; 12 0x30fc  0.3826
                                                            9
   79 0000001A 28 25           DCW              9512        ; 13 0x2528  0.2902
                                                            8
   80 0000001C F9 18           DCW              6393        ; 14 0x18f9  0.1951
                                                            0
   81 0000001E 8C 0C           DCW              3212        ; 15 0x0c8c  0.0980
                                                            2
   82 00000020 00 00           DCW              0           ; 16 0x0000  0.0000
                                                            0
   83 00000022 74 F3           DCW              -3212       ; 17 0xf374 -0.0980
                                                            2
   84 00000024 07 E7           DCW              -6393       ; 18 0xe707 -0.1951
                                                            0
   85 00000026 D8 DA           DCW              -9512       ; 19 0xdad8 -0.2902
                                                            8
   86 00000028 04 CF           DCW              -12540      ; 20 0xcf04 -0.3826
                                                            9
   87 0000002A A9 C3           DCW              -15447      ; 21 0xc3a9 -0.4714
                                                            1
   88 0000002C E3 B8           DCW              -18205      ; 22 0xb8e3 -0.5555
                                                            7
   89 0000002E CC AE           DCW              -20788      ; 23 0xaecc -0.6344
                                                            0
   90 00000030 7E A5           DCW              -23170      ; 24 0xa57e -0.7070



ARM Macro Assembler    Page 3 


                                                            9
   91 00000032 0E 9D           DCW              -25330      ; 25 0x9d0e -0.7730
                                                            1
   92 00000034 92 95           DCW              -27246      ; 26 0x9592 -0.8314
                                                            8
   93 00000036 1D 8F           DCW              -28899      ; 27 0x8f1d -0.8819
                                                            3
   94 00000038 BE 89           DCW              -30274      ; 28 0x89be -0.9238
                                                            9
   95 0000003A 83 85           DCW              -31357      ; 29 0x8583 -0.9569
                                                            4
   96 0000003C 76 82           DCW              -32138      ; 30 0x8276 -0.9807
                                                            7
   97 0000003E 9E 80           DCW              -32610      ; 31 0x809e -0.9951
                                                            8
   98 00000040 00 80           DCW              -32768      ; 32 0x8000 -1.0000
                                                            0
   99 00000042 9E 80           DCW              -32610      ; 33 0x809e -0.9951
                                                            8
  100 00000044 76 82           DCW              -32138      ; 34 0x8276 -0.9807
                                                            7
  101 00000046 83 85           DCW              -31357      ; 35 0x8583 -0.9569
                                                            4
  102 00000048 BE 89           DCW              -30274      ; 36 0x89be -0.9238
                                                            9
  103 0000004A 1D 8F           DCW              -28899      ; 37 0x8f1d -0.8819
                                                            3
  104 0000004C 92 95           DCW              -27246      ; 38 0x9592 -0.8314
                                                            8
  105 0000004E 0E 9D           DCW              -25330      ; 39 0x9d0e -0.7730
                                                            1
  106 00000050 7E A5           DCW              -23170      ; 40 0xa57e -0.7070
                                                            9
  107 00000052 CC AE           DCW              -20788      ; 41 0xaecc -0.6344
                                                            0
  108 00000054 E3 B8           DCW              -18205      ; 42 0xb8e3 -0.5555
                                                            7
  109 00000056 A9 C3           DCW              -15447      ; 43 0xc3a9 -0.4714
                                                            1
  110 00000058 04 CF           DCW              -12540      ; 44 0xcf04 -0.3826
                                                            9
  111 0000005A D8 DA           DCW              -9512       ; 45 0xdad8 -0.2902
                                                            8
  112 0000005C 07 E7           DCW              -6393       ; 46 0xe707 -0.1951
                                                            0
  113 0000005E 74 F3           DCW              -3212       ; 47 0xf374 -0.0980
                                                            2
  114 00000060 00 00           DCW              0           ; 48 0x0000  0.0000
                                                            0
  115 00000062 8C 0C           DCW              3212        ; 49 0x0c8c  0.0980
                                                            2
  116 00000064 F9 18           DCW              6393        ; 50 0x18f9  0.1951
                                                            0
  117 00000066 28 25           DCW              9512        ; 51 0x2528  0.2902
                                                            8
  118 00000068 FC 30           DCW              12540       ; 52 0x30fc  0.3826
                                                            9
  119 0000006A 57 3C           DCW              15447       ; 53 0x3c57  0.4714
                                                            1



ARM Macro Assembler    Page 4 


  120 0000006C 1D 47           DCW              18205       ; 54 0x471d  0.5555
                                                            7
  121 0000006E 34 51           DCW              20788       ; 55 0x5134  0.6344
                                                            0
  122 00000070 82 5A           DCW              23170       ; 56 0x5a82  0.7070
                                                            9
  123 00000072 F2 62           DCW              25330       ; 57 0x62f2  0.7730
                                                            1
  124 00000074 6E 6A           DCW              27246       ; 58 0x6a6e  0.8314
                                                            8
  125 00000076 E3 70           DCW              28899       ; 59 0x70e3  0.8819
                                                            3
  126 00000078 42 76           DCW              30274       ; 60 0x7642  0.9238
                                                            9
  127 0000007A 7D 7A           DCW              31357       ; 61 0x7a7d  0.9569
                                                            4
  128 0000007C 8A 7D           DCW              32138       ; 62 0x7d8a  0.9807
                                                            7
  129 0000007E 62 7F           DCW              32610       ; 63 0x7f62  0.9951
                                                            8
  130 00000080         TabSin
  131 00000080 00 00           DCW              0           ;  0 0x0000  0.0000
                                                            0
  132 00000082 8C 0C           DCW              3212        ;  1 0x0c8c  0.0980
                                                            2
  133 00000084 F9 18           DCW              6393        ;  2 0x18f9  0.1951
                                                            0
  134 00000086 28 25           DCW              9512        ;  3 0x2528  0.2902
                                                            8
  135 00000088 FC 30           DCW              12540       ;  4 0x30fc  0.3826
                                                            9
  136 0000008A 57 3C           DCW              15447       ;  5 0x3c57  0.4714
                                                            1
  137 0000008C 1D 47           DCW              18205       ;  6 0x471d  0.5555
                                                            7
  138 0000008E 34 51           DCW              20788       ;  7 0x5134  0.6344
                                                            0
  139 00000090 82 5A           DCW              23170       ;  8 0x5a82  0.7070
                                                            9
  140 00000092 F2 62           DCW              25330       ;  9 0x62f2  0.7730
                                                            1
  141 00000094 6E 6A           DCW              27246       ; 10 0x6a6e  0.8314
                                                            8
  142 00000096 E3 70           DCW              28899       ; 11 0x70e3  0.8819
                                                            3
  143 00000098 42 76           DCW              30274       ; 12 0x7642  0.9238
                                                            9
  144 0000009A 7D 7A           DCW              31357       ; 13 0x7a7d  0.9569
                                                            4
  145 0000009C 8A 7D           DCW              32138       ; 14 0x7d8a  0.9807
                                                            7
  146 0000009E 62 7F           DCW              32610       ; 15 0x7f62  0.9951
                                                            8
  147 000000A0 FF 7F           DCW              32767       ; 16 0x7fff  0.9999
                                                            7
  148 000000A2 62 7F           DCW              32610       ; 17 0x7f62  0.9951
                                                            8
  149 000000A4 8A 7D           DCW              32138       ; 18 0x7d8a  0.9807
                                                            7



ARM Macro Assembler    Page 5 


  150 000000A6 7D 7A           DCW              31357       ; 19 0x7a7d  0.9569
                                                            4
  151 000000A8 42 76           DCW              30274       ; 20 0x7642  0.9238
                                                            9
  152 000000AA E3 70           DCW              28899       ; 21 0x70e3  0.8819
                                                            3
  153 000000AC 6E 6A           DCW              27246       ; 22 0x6a6e  0.8314
                                                            8
  154 000000AE F2 62           DCW              25330       ; 23 0x62f2  0.7730
                                                            1
  155 000000B0 82 5A           DCW              23170       ; 24 0x5a82  0.7070
                                                            9
  156 000000B2 34 51           DCW              20788       ; 25 0x5134  0.6344
                                                            0
  157 000000B4 1D 47           DCW              18205       ; 26 0x471d  0.5555
                                                            7
  158 000000B6 57 3C           DCW              15447       ; 27 0x3c57  0.4714
                                                            1
  159 000000B8 FC 30           DCW              12540       ; 28 0x30fc  0.3826
                                                            9
  160 000000BA 28 25           DCW              9512        ; 29 0x2528  0.2902
                                                            8
  161 000000BC F9 18           DCW              6393        ; 30 0x18f9  0.1951
                                                            0
  162 000000BE 8C 0C           DCW              3212        ; 31 0x0c8c  0.0980
                                                            2
  163 000000C0 00 00           DCW              0           ; 32 0x0000  0.0000
                                                            0
  164 000000C2 74 F3           DCW              -3212       ; 33 0xf374 -0.0980
                                                            2
  165 000000C4 07 E7           DCW              -6393       ; 34 0xe707 -0.1951
                                                            0
  166 000000C6 D8 DA           DCW              -9512       ; 35 0xdad8 -0.2902
                                                            8
  167 000000C8 04 CF           DCW              -12540      ; 36 0xcf04 -0.3826
                                                            9
  168 000000CA A9 C3           DCW              -15447      ; 37 0xc3a9 -0.4714
                                                            1
  169 000000CC E3 B8           DCW              -18205      ; 38 0xb8e3 -0.5555
                                                            7
  170 000000CE CC AE           DCW              -20788      ; 39 0xaecc -0.6344
                                                            0
  171 000000D0 7E A5           DCW              -23170      ; 40 0xa57e -0.7070
                                                            9
  172 000000D2 0E 9D           DCW              -25330      ; 41 0x9d0e -0.7730
                                                            1
  173 000000D4 92 95           DCW              -27246      ; 42 0x9592 -0.8314
                                                            8
  174 000000D6 1D 8F           DCW              -28899      ; 43 0x8f1d -0.8819
                                                            3
  175 000000D8 BE 89           DCW              -30274      ; 44 0x89be -0.9238
                                                            9
  176 000000DA 83 85           DCW              -31357      ; 45 0x8583 -0.9569
                                                            4
  177 000000DC 76 82           DCW              -32138      ; 46 0x8276 -0.9807
                                                            7
  178 000000DE 9E 80           DCW              -32610      ; 47 0x809e -0.9951
                                                            8
  179 000000E0 00 80           DCW              -32768      ; 48 0x8000 -1.0000



ARM Macro Assembler    Page 6 


                                                            0
  180 000000E2 9E 80           DCW              -32610      ; 49 0x809e -0.9951
                                                            8
  181 000000E4 76 82           DCW              -32138      ; 50 0x8276 -0.9807
                                                            7
  182 000000E6 83 85           DCW              -31357      ; 51 0x8583 -0.9569
                                                            4
  183 000000E8 BE 89           DCW              -30274      ; 52 0x89be -0.9238
                                                            9
  184 000000EA 1D 8F           DCW              -28899      ; 53 0x8f1d -0.8819
                                                            3
  185 000000EC 92 95           DCW              -27246      ; 54 0x9592 -0.8314
                                                            8
  186 000000EE 0E 9D           DCW              -25330      ; 55 0x9d0e -0.7730
                                                            1
  187 000000F0 7E A5           DCW              -23170      ; 56 0xa57e -0.7070
                                                            9
  188 000000F2 CC AE           DCW              -20788      ; 57 0xaecc -0.6344
                                                            0
  189 000000F4 E3 B8           DCW              -18205      ; 58 0xb8e3 -0.5555
                                                            7
  190 000000F6 A9 C3           DCW              -15447      ; 59 0xc3a9 -0.4714
                                                            1
  191 000000F8 04 CF           DCW              -12540      ; 60 0xcf04 -0.3826
                                                            9
  192 000000FA D8 DA           DCW              -9512       ; 61 0xdad8 -0.2902
                                                            8
  193 000000FC 07 E7           DCW              -6393       ; 62 0xe707 -0.1951
                                                            0
  194 000000FE 74 F3           DCW              -3212       ; 63 0xf374 -0.0980
                                                            2
  195 00000100         
  196 00000100         
  197 00000100         
  198 00000100                 END
Command Line: --debug --xref --diag_suppress=9931 --cpu=Cortex-M3 --apcs=interw
ork --depend=.\obj\dft.d -o.\obj\dft.o -I.\RTE\_CibleSondeKEIL -IC:\Programdata
\Keil\Arm\Packs\ARM\CMSIS\5.7.0\CMSIS\Core\Include -IC:\Programdata\Keil\Arm\Pa
cks\Keil\STM32F1xx_DFP\2.3.0\Device\Include --predefine="__EVAL SETA 1" --prede
fine="__MICROLIB SETA 1" --predefine="__UVISION_VERSION SETA 534" --predefine="
_RTE_ SETA 1" --predefine="STM32F10X_MD SETA 1" --predefine="_RTE_ SETA 1" --li
st=dft.lst Src\DFT.s



ARM Macro Assembler    Page 1 Alphabetic symbol ordering
Relocatable symbols

mesdata 00000000

Symbol: mesdata
   Definitions
      At line 7 in file Src\DFT.s
   Uses
      None
Comment: mesdata unused
1 symbol



ARM Macro Assembler    Page 1 Alphabetic symbol ordering
Relocatable symbols

maram 00000000

Symbol: maram
   Definitions
      At line 11 in file Src\DFT.s
   Uses
      None
Comment: maram unused
1 symbol



ARM Macro Assembler    Page 1 Alphabetic symbol ordering
Relocatable symbols

DFT_ModuleAuCarre 00000000

Symbol: DFT_ModuleAuCarre
   Definitions
      At line 24 in file Src\DFT.s
   Uses
      At line 4 in file Src\DFT.s
Comment: DFT_ModuleAuCarre used once
moncode 00000000

Symbol: moncode
   Definitions
      At line 21 in file Src\DFT.s
   Uses
      None
Comment: moncode unused
retour 0000001C

Symbol: retour
   Definitions
      At line 33 in file Src\DFT.s
   Uses
      At line 48 in file Src\DFT.s
Comment: retour used once
3 symbols



ARM Macro Assembler    Page 1 Alphabetic symbol ordering
Relocatable symbols

TabCos 00000000

Symbol: TabCos
   Definitions
      At line 65 in file Src\DFT.s
   Uses
      At line 31 in file Src\DFT.s
Comment: TabCos used once
TabSin 00000080

Symbol: TabSin
   Definitions
      At line 130 in file Src\DFT.s
   Uses
      At line 32 in file Src\DFT.s
Comment: TabSin used once
Trigo 00000000

Symbol: Trigo
   Definitions
      At line 62 in file Src\DFT.s
   Uses
      None
Comment: Trigo unused
3 symbols
345 symbols in table
