


ARM Macro Assembler    Page 1 


    1 00000000                 AREA             Signal, DATA, READONLY
    2 00000000                 export           LeSignal
    3 00000000         LeSignal
    4 00000000 FF 0F           DCW              0x0fff      ;  0 4095  0.99976
    5 00000002 2F 0E           DCW              0x0e2f      ;  1 3631  0.88647
    6 00000004 90 09           DCW              0x0990      ;  2 2448  0.59766
    7 00000006 3B 04           DCW              0x043b      ;  3 1083  0.26440
    8 00000008 9C 00           DCW              0x009c      ;  4  156  0.03809
    9 0000000A 58 00           DCW              0x0058      ;  5   88  0.02148
   10 0000000C 8E 03           DCW              0x038e      ;  6  910  0.22217
   11 0000000E C9 08           DCW              0x08c9      ;  7 2249  0.54907
   12 00000010 A8 0D           DCW              0x0da8      ;  8 3496  0.85352
   13 00000012 F6 0F           DCW              0x0ff6      ;  9 4086  0.99756
   14 00000014 A7 0E           DCW              0x0ea7      ; 10 3751  0.91577
   15 00000016 53 0A           DCW              0x0a53      ; 11 2643  0.64526
   16 00000018 F0 04           DCW              0x04f0      ; 12 1264  0.30859
   17 0000001A F2 00           DCW              0x00f2      ; 13  242  0.05908
   18 0000001C 27 00           DCW              0x0027      ; 14   39  0.00952
   19 0000001E ED 02           DCW              0x02ed      ; 15  749  0.18286
   20 00000020 00 08           DCW              0x0800      ; 16 2048  0.50000
   21 00000022 13 0D           DCW              0x0d13      ; 17 3347  0.81714
   22 00000024 D9 0F           DCW              0x0fd9      ; 18 4057  0.99048
   23 00000026 0E 0F           DCW              0x0f0e      ; 19 3854  0.94092
   24 00000028 10 0B           DCW              0x0b10      ; 20 2832  0.69141
   25 0000002A AD 05           DCW              0x05ad      ; 21 1453  0.35474
   26 0000002C 59 01           DCW              0x0159      ; 22  345  0.08423
   27 0000002E 0A 00           DCW              0x000a      ; 23   10  0.00244
   28 00000030 58 02           DCW              0x0258      ; 24  600  0.14648
   29 00000032 37 07           DCW              0x0737      ; 25 1847  0.45093
   30 00000034 72 0C           DCW              0x0c72      ; 26 3186  0.77783
   31 00000036 A8 0F           DCW              0x0fa8      ; 27 4008  0.97852
   32 00000038 64 0F           DCW              0x0f64      ; 28 3940  0.96191
   33 0000003A C5 0B           DCW              0x0bc5      ; 29 3013  0.73560
   34 0000003C 70 06           DCW              0x0670      ; 30 1648  0.40234
   35 0000003E D1 01           DCW              0x01d1      ; 31  465  0.11353
   36 00000040 00 00           DCW              0x0000      ; 32    0  0.00000
   37 00000042 D1 01           DCW              0x01d1      ; 33  465  0.11353
   38 00000044 70 06           DCW              0x0670      ; 34 1648  0.40234
   39 00000046 C5 0B           DCW              0x0bc5      ; 35 3013  0.73560
   40 00000048 64 0F           DCW              0x0f64      ; 36 3940  0.96191
   41 0000004A A8 0F           DCW              0x0fa8      ; 37 4008  0.97852
   42 0000004C 72 0C           DCW              0x0c72      ; 38 3186  0.77783
   43 0000004E 37 07           DCW              0x0737      ; 39 1847  0.45093
   44 00000050 58 02           DCW              0x0258      ; 40  600  0.14648
   45 00000052 0A 00           DCW              0x000a      ; 41   10  0.00244
   46 00000054 59 01           DCW              0x0159      ; 42  345  0.08423
   47 00000056 AD 05           DCW              0x05ad      ; 43 1453  0.35474
   48 00000058 10 0B           DCW              0x0b10      ; 44 2832  0.69141
   49 0000005A 0E 0F           DCW              0x0f0e      ; 45 3854  0.94092
   50 0000005C D9 0F           DCW              0x0fd9      ; 46 4057  0.99048
   51 0000005E 13 0D           DCW              0x0d13      ; 47 3347  0.81714
   52 00000060 00 08           DCW              0x0800      ; 48 2048  0.50000
   53 00000062 ED 02           DCW              0x02ed      ; 49  749  0.18286
   54 00000064 27 00           DCW              0x0027      ; 50   39  0.00952
   55 00000066 F2 00           DCW              0x00f2      ; 51  242  0.05908
   56 00000068 F0 04           DCW              0x04f0      ; 52 1264  0.30859
   57 0000006A 53 0A           DCW              0x0a53      ; 53 2643  0.64526
   58 0000006C A7 0E           DCW              0x0ea7      ; 54 3751  0.91577
   59 0000006E F6 0F           DCW              0x0ff6      ; 55 4086  0.99756



ARM Macro Assembler    Page 2 


   60 00000070 A8 0D           DCW              0x0da8      ; 56 3496  0.85352
   61 00000072 C9 08           DCW              0x08c9      ; 57 2249  0.54907
   62 00000074 8E 03           DCW              0x038e      ; 58  910  0.22217
   63 00000076 58 00           DCW              0x0058      ; 59   88  0.02148
   64 00000078 9C 00           DCW              0x009c      ; 60  156  0.03809
   65 0000007A 3B 04           DCW              0x043b      ; 61 1083  0.26440
   66 0000007C 90 09           DCW              0x0990      ; 62 2448  0.59766
   67 0000007E 2F 0E           DCW              0x0e2f      ; 63 3631  0.88647
   68 00000080                 END
Command Line: --debug --xref --diag_suppress=9931 --cpu=Cortex-M3 --apcs=interw
ork --depend=.\obj\signal.d -o.\obj\signal.o -I.\RTE\_CibleSondeKEIL -IC:\Progr
amdata\Keil\Arm\Packs\ARM\CMSIS\5.7.0\CMSIS\Core\Include -IC:\Programdata\Keil\
Arm\Packs\Keil\STM32F1xx_DFP\2.3.0\Device\Include --predefine="__EVAL SETA 1" -
-predefine="__MICROLIB SETA 1" --predefine="__UVISION_VERSION SETA 534" --prede
fine="_RTE_ SETA 1" --predefine="STM32F10X_MD SETA 1" --predefine="_RTE_ SETA 1
" --list=signal.lst Src\Signal.asm



ARM Macro Assembler    Page 1 Alphabetic symbol ordering
Relocatable symbols

LeSignal 00000000

Symbol: LeSignal
   Definitions
      At line 3 in file Src\Signal.asm
   Uses
      At line 2 in file Src\Signal.asm
Comment: LeSignal used once
Signal 00000000

Symbol: Signal
   Definitions
      At line 1 in file Src\Signal.asm
   Uses
      None
Comment: Signal unused
2 symbols
337 symbols in table
