


ARM Macro Assembler    Page 1 


    1 00000000                 PRESERVE8
    2 00000000                 THUMB
    3 00000000         
    4 00000000                 export           CallbackSon
    5 00000000                 extern           Son
    6 00000000                 export           LancerSon
    7 00000000                 extern           LongueurSon
    8 00000000                 include          ./Driver/DriverJeuLaser.inc
    1 00000000         
    2 00000000         ; Bibliotheque DriverJeuLaser (ancienne gassp72 adaptée 
                       2021 - TR)
    3 00000000         ; Accès en aux fonctions suivantes :
    4 00000000         ; GPIO :
    5 00000000         ; GPIOA_Set(char Broche), GPIOB_Set(char Broche), GPIOC_
                       Set(char Broche)
    6 00000000         ; GPIOA_Clear(char Broche), GPIOB_Clear(char Broche), GP
                       IOC_Clear(char Broche)
    7 00000000         
    8 00000000         ; PWM :
    9 00000000         ;/**
   10 00000000         ; * @brief  Fixe une valeur de PWM, Val, en tick horloge
                       . La rapport cyclique effectif
   11 00000000         ; * est donc : rcy = Thaut_ticks / Periode_ticks
   12 00000000         ; * @note   spécifique Jeu Laser, PWM liée exclusivement
                        au TIM3, chan3
   13 00000000         ; * @param  Thaut_ticks : durée de l'état haut d'une imp
                       ulsion en Ticks
   14 00000000         ;  * @retval None
   15 00000000         ; */
   16 00000000         
   17 00000000         ;void PWM_Set_Value_TIM3_Ch3( unsigned short int Thaut_t
                       icks);
   18 00000000                 import           PWM_Set_Value_TIM3_Ch3
   19 00000000         
   20 00000000         
   21 00000000         
   22 00000000         ;/**
   23 00000000         ; * @brief  Mise à 1 d'une broche GPIO 
   24 00000000         ;  * @note   Une fonction par GPIO
   25 00000000         ; * @param  Broche : 0 à 15
   26 00000000         ; * @retval None
   27 00000000         ; */
   28 00000000         
   29 00000000         ;void GPIOA_Set(char Broche);
   30 00000000                 import           GPIOA_Set
   31 00000000         
   32 00000000         ;void GPIOB_Set(char Broche);
   33 00000000                 import           GPIOB_Set
   34 00000000         
   35 00000000         ;void GPIOC_Set(char Broche);
   36 00000000                 import           GPIOC_Set
   37 00000000         
   38 00000000         
   39 00000000         
   40 00000000         ;/**
   41 00000000         ; * @brief  Mise à 0 d'une broche GPIO 
   42 00000000         ;  * @note   Une fonction par GPIO
   43 00000000         ; * @param  Broche : 0 à 15
   44 00000000         ; * @retval None



ARM Macro Assembler    Page 2 


   45 00000000         ;  */
   46 00000000         
   47 00000000         ;void GPIOA_Clear(char Broche);
   48 00000000                 import           GPIOA_Clear
   49 00000000         
   50 00000000         ;void GPIOB_Clear(char Broche);
   51 00000000                 import           GPIOB_Clear
   52 00000000         
   53 00000000         ;void GPIOC_Clear(char Broche);
   54 00000000                 import           GPIOC_Clear
   55 00000000         
   56 00000000                 end
    9 00000000         ; ====================== zone de réservation de données,
                         ======================================
   10 00000000         ;Section RAM (read only) :
   11 00000000                 area             mesdata,data,readonly
   12 00000000         
   13 00000000         
   14 00000000         ;Section RAM (read write):
   15 00000000                 area             maram,data,readwrite
   16 00000000         
   17 00000000         
   18 00000000         
   19 00000000         ; ======================================================
                       =========================================
   20 00000000         
   21 00000000 00 00   SortieSon
                               dcw              0
   22 00000002                 export           SortieSon
   23 00000002         
   24 00000002 00 00 00001588 
                       Index   dcd              5512
   25 00000008                 export           Index
   26 00000008         
   27 00000008         ;Section ROM code (read only) :  
   28 00000008                 area             moncode,code,readonly
   29 00000000         ; écrire le code ici 
   30 00000000         
   31 00000000         
   32 00000000         
   33 00000000         LancerSon
   34 00000000 491A            ldr              r1,=Index
   35 00000002 F04F 0000       mov              r0,#0
   36 00000006 6008            str              r0,[r1]
   37 00000008 4770            bx               lr
   38 0000000A         
   39 0000000A         CallbackSon
                               proc
   40 0000000A 4819            ldr              r0,=LongueurSon ;}
   41 0000000C 4919            ldr              r1,=Son     ;}
   42 0000000E 6802            ldr              r2,[r0]     ;} Build de l'adres
                                                            se max dans R0
   43 00000010 EA4F 0242       lsl              r2,#1       ;} R0 = &Son + 2*Lo
                                                            ngueurSon
   44 00000014 440A            add              r2,r1       ;}
   45 00000016 4610            mov              r0,r2       ;}
   46 00000018 4A14            ldr              r2,=Index
   47 0000001A B410            push{r4}                     ;
   48 0000001C 6814            ldr              r4,[r2]     ;}



ARM Macro Assembler    Page 3 


   49 0000001E 4623            mov              r3,r4       ;}
   50 00000020 BC10            pop{r4}                      ;} Construction adr
                                                            esse courante du ta
                                                            bleau dans R3, comp
                                                            araison entre adres
                                                            se actuelle(R3) et 
                                                            adresse max R0
   51 00000022 EA4F 0343       lsl              r3,#1       ;} R1 = &Son
   52 00000026 440B            add              r3,r1       ;}  R3 = R1 + 2*Ind
                                                            ex
   53 00000028 4283            cmp              r3,r0       ;}  if R3<R0
   54 0000002A D014            beq              fin         ;}
   55 0000002C F9B3 0000       ldrsh            r0,[r3]     ;}
   56 00000030 F04F 035B       mov              r3,#91      ;}
   57 00000034 FB90 F0F3       sdiv             r0,r3       ;}
   58 00000038 F500 70B4       add              r0,#360
   59 0000003C 490E            ldr              r1,=SortieSon ;}SortieSon = *R3
                                                            /91 +360
   60 0000003E 8008            strh             r0,[r1]
   61 00000040 B500            push             {lr}
   62 00000042 F7FF FFFE       bl               PWM_Set_Value_TIM3_Ch3
   63 00000046 F85D EB04       pop              {lr}
   64 0000004A 4A08            ldr              r2,=Index
   65 0000004C 6810            ldr              r0,[r2]
   66 0000004E F100 0001       add              r0,#1       ;}
   67 00000052 6010            str              r0,[r2]     ;}
   68 00000054 4770            bx               lr
   69 00000056         fin
   70 00000056 F04F 0000       mov              r0, #0
   71 0000005A 4907            ldr              r1,=SortieSon ;}SortieSon = *R3
                                                            /91 +360
   72 0000005C 8008            strh             r0,[r1]
   73 0000005E B500            push             {lr}
   74 00000060 F7FF FFFE       bl               PWM_Set_Value_TIM3_Ch3
   75 00000064 F85D EB04       pop              {lr}
   76 00000068 4770            bx               lr
   77 0000006A                 endp
   78 0000006A         
   79 0000006A         
   80 0000006A         
   81 0000006A                 END
              00 00 00000000 
              00000000 
              00000000 
              00000000 
Command Line: --debug --xref --diag_suppress=9931 --cpu=Cortex-M3 --apcs=interw
ork --depend=.\obj\gestionson.d -o.\obj\gestionson.o -I.\RTE\_CibleSondeKEIL -I
C:\Programdata\Keil\Arm\Packs\ARM\CMSIS\5.7.0\CMSIS\Core\Include -IC:\Programda
ta\Keil\Arm\Packs\Keil\STM32F1xx_DFP\2.3.0\Device\Include --predefine="__EVAL S
ETA 1" --predefine="__MICROLIB SETA 1" --predefine="__UVISION_VERSION SETA 534"
 --predefine="_RTE_ SETA 1" --predefine="STM32F10X_MD SETA 1" --predefine="_RTE
_ SETA 1" --list=gestionson.lst Src\GestionSon.s



ARM Macro Assembler    Page 1 Alphabetic symbol ordering
Relocatable symbols

mesdata 00000000

Symbol: mesdata
   Definitions
      At line 11 in file Src\GestionSon.s
   Uses
      None
Comment: mesdata unused
1 symbol



ARM Macro Assembler    Page 1 Alphabetic symbol ordering
Relocatable symbols

Index 00000004

Symbol: Index
   Definitions
      At line 24 in file Src\GestionSon.s
   Uses
      At line 25 in file Src\GestionSon.s
      At line 34 in file Src\GestionSon.s
      At line 46 in file Src\GestionSon.s
      At line 64 in file Src\GestionSon.s

SortieSon 00000000

Symbol: SortieSon
   Definitions
      At line 21 in file Src\GestionSon.s
   Uses
      At line 22 in file Src\GestionSon.s
      At line 59 in file Src\GestionSon.s
      At line 71 in file Src\GestionSon.s

maram 00000000

Symbol: maram
   Definitions
      At line 15 in file Src\GestionSon.s
   Uses
      None
Comment: maram unused
3 symbols



ARM Macro Assembler    Page 1 Alphabetic symbol ordering
Relocatable symbols

CallbackSon 0000000A

Symbol: CallbackSon
   Definitions
      At line 39 in file Src\GestionSon.s
   Uses
      At line 4 in file Src\GestionSon.s
Comment: CallbackSon used once
LancerSon 00000000

Symbol: LancerSon
   Definitions
      At line 33 in file Src\GestionSon.s
   Uses
      At line 6 in file Src\GestionSon.s
Comment: LancerSon used once
fin 00000056

Symbol: fin
   Definitions
      At line 69 in file Src\GestionSon.s
   Uses
      At line 54 in file Src\GestionSon.s
Comment: fin used once
moncode 00000000

Symbol: moncode
   Definitions
      At line 28 in file Src\GestionSon.s
   Uses
      None
Comment: moncode unused
4 symbols



ARM Macro Assembler    Page 1 Alphabetic symbol ordering
External symbols

GPIOA_Clear 00000000

Symbol: GPIOA_Clear
   Definitions
      At line 48 in file .\Driver\DriverJeuLaser.inc
   Uses
      None
Comment: GPIOA_Clear unused
GPIOA_Set 00000000

Symbol: GPIOA_Set
   Definitions
      At line 30 in file .\Driver\DriverJeuLaser.inc
   Uses
      None
Comment: GPIOA_Set unused
GPIOB_Clear 00000000

Symbol: GPIOB_Clear
   Definitions
      At line 51 in file .\Driver\DriverJeuLaser.inc
   Uses
      None
Comment: GPIOB_Clear unused
GPIOB_Set 00000000

Symbol: GPIOB_Set
   Definitions
      At line 33 in file .\Driver\DriverJeuLaser.inc
   Uses
      None
Comment: GPIOB_Set unused
GPIOC_Clear 00000000

Symbol: GPIOC_Clear
   Definitions
      At line 54 in file .\Driver\DriverJeuLaser.inc
   Uses
      None
Comment: GPIOC_Clear unused
GPIOC_Set 00000000

Symbol: GPIOC_Set
   Definitions
      At line 36 in file .\Driver\DriverJeuLaser.inc
   Uses
      None
Comment: GPIOC_Set unused
LongueurSon 00000000

Symbol: LongueurSon
   Definitions
      At line 7 in file Src\GestionSon.s
   Uses
      At line 40 in file Src\GestionSon.s
Comment: LongueurSon used once
PWM_Set_Value_TIM3_Ch3 00000000

Symbol: PWM_Set_Value_TIM3_Ch3



ARM Macro Assembler    Page 2 Alphabetic symbol ordering
External symbols

   Definitions
      At line 18 in file .\Driver\DriverJeuLaser.inc
   Uses
      At line 62 in file Src\GestionSon.s
      At line 74 in file Src\GestionSon.s

Son 00000000

Symbol: Son
   Definitions
      At line 5 in file Src\GestionSon.s
   Uses
      At line 41 in file Src\GestionSon.s
Comment: Son used once
9 symbols
354 symbols in table
